2013/09/26 09:58:32 [error] [exception.CHttpException.404] exception 'CHttpException' with message 'The system is unable to find the requested action "view".' in /home/suley/projects/Sep/trunk/framework/web/CController.php:483
Stack trace:
#0 /home/suley/projects/Sep/trunk/framework/web/CController.php(270): CController->missingAction('view')
#1 /home/suley/projects/Sep/trunk/framework/web/CWebApplication.php(282): CController->run('view')
#2 /home/suley/projects/Sep/trunk/framework/web/CWebApplication.php(141): CWebApplication->runController('item/view')
#3 /home/suley/projects/Sep/trunk/framework/base/CApplication.php(169): CWebApplication->processRequest()
#4 /home/suley/projects/Sep/trunk/jinmi/index.php(13): CApplication->run()
#5 {main}
REQUEST_URI=/jinmi/item/2
---
2013/09/26 09:58:36 [error] [exception.CHttpException.400] exception 'CHttpException' with message 'Your request is invalid.' in /home/suley/projects/Sep/trunk/framework/web/CController.php:336
Stack trace:
#0 /home/suley/projects/Sep/trunk/framework/web/CController.php(309): CController->invalidActionParams(Object(CInlineAction))
#1 /home/suley/projects/Sep/trunk/framework/web/CController.php(286): CController->runAction(Object(CInlineAction))
#2 /home/suley/projects/Sep/trunk/framework/web/CController.php(265): CController->runActionWithFilters(Object(CInlineAction), Array)
#3 /home/suley/projects/Sep/trunk/framework/web/CWebApplication.php(282): CController->run('index')
#4 /home/suley/projects/Sep/trunk/framework/web/CWebApplication.php(141): CWebApplication->runController('item/index')
#5 /home/suley/projects/Sep/trunk/framework/base/CApplication.php(169): CWebApplication->processRequest()
#6 /home/suley/projects/Sep/trunk/jinmi/index.php(13): CApplication->run()
#7 {main}
REQUEST_URI=/jinmi/item/index
---
2013/09/26 09:58:39 [error] [exception.CHttpException.400] exception 'CHttpException' with message 'Your request is invalid.' in /home/suley/projects/Sep/trunk/framework/web/CController.php:336
Stack trace:
#0 /home/suley/projects/Sep/trunk/framework/web/CController.php(309): CController->invalidActionParams(Object(CInlineAction))
#1 /home/suley/projects/Sep/trunk/framework/web/CController.php(286): CController->runAction(Object(CInlineAction))
#2 /home/suley/projects/Sep/trunk/framework/web/CController.php(265): CController->runActionWithFilters(Object(CInlineAction), Array)
#3 /home/suley/projects/Sep/trunk/framework/web/CWebApplication.php(282): CController->run('index')
#4 /home/suley/projects/Sep/trunk/framework/web/CWebApplication.php(141): CWebApplication->runController('item/index')
#5 /home/suley/projects/Sep/trunk/framework/base/CApplication.php(169): CWebApplication->processRequest()
#6 /home/suley/projects/Sep/trunk/jinmi/index.php(13): CApplication->run()
#7 {main}
REQUEST_URI=/jinmi/item/index
---
2013/09/26 09:58:39 [error] [exception.CHttpException.404] exception 'CHttpException' with message 'The system is unable to find the requested action "view".' in /home/suley/projects/Sep/trunk/framework/web/CController.php:483
Stack trace:
#0 /home/suley/projects/Sep/trunk/framework/web/CController.php(270): CController->missingAction('view')
#1 /home/suley/projects/Sep/trunk/framework/web/CWebApplication.php(282): CController->run('view')
#2 /home/suley/projects/Sep/trunk/framework/web/CWebApplication.php(141): CWebApplication->runController('item/view')
#3 /home/suley/projects/Sep/trunk/framework/base/CApplication.php(169): CWebApplication->processRequest()
#4 /home/suley/projects/Sep/trunk/jinmi/index.php(13): CApplication->run()
#5 {main}
REQUEST_URI=/jinmi/item/2
---
2013/09/26 10:10:31 [error] [exception.CHttpException.404] exception 'CHttpException' with message 'The system is unable to find the requested action "test".' in /home/suley/projects/Sep/trunk/framework/web/CController.php:483
Stack trace:
#0 /home/suley/projects/Sep/trunk/framework/web/CController.php(270): CController->missingAction('test')
#1 /home/suley/projects/Sep/trunk/framework/web/CWebApplication.php(282): CController->run('test')
#2 /home/suley/projects/Sep/trunk/framework/web/CWebApplication.php(141): CWebApplication->runController('site/test/testg...')
#3 /home/suley/projects/Sep/trunk/framework/base/CApplication.php(169): CWebApplication->processRequest()
#4 /home/suley/projects/Sep/trunk/jinmi/index.php(13): CApplication->run()
#5 {main}
REQUEST_URI=/jinmi/site/test/testget
---
2013/09/26 10:10:37 [error] [exception.CHttpException.404] exception 'CHttpException' with message 'The system is unable to find the requested action "test".' in /home/suley/projects/Sep/trunk/framework/web/CController.php:483
Stack trace:
#0 /home/suley/projects/Sep/trunk/framework/web/CController.php(270): CController->missingAction('test')
#1 /home/suley/projects/Sep/trunk/framework/web/CWebApplication.php(282): CController->run('test')
#2 /home/suley/projects/Sep/trunk/framework/web/CWebApplication.php(141): CWebApplication->runController('site/test/testG...')
#3 /home/suley/projects/Sep/trunk/framework/base/CApplication.php(169): CWebApplication->processRequest()
#4 /home/suley/projects/Sep/trunk/jinmi/index.php(13): CApplication->run()
#5 {main}
REQUEST_URI=/jinmi/site/test/testGet
---
2013/09/26 10:10:45 [error] [exception.CHttpException.404] exception 'CHttpException' with message 'The system is unable to find the requested action "test".' in /home/suley/projects/Sep/trunk/framework/web/CController.php:483
Stack trace:
#0 /home/suley/projects/Sep/trunk/framework/web/CController.php(270): CController->missingAction('test')
#1 /home/suley/projects/Sep/trunk/framework/web/CWebApplication.php(282): CController->run('test')
#2 /home/suley/projects/Sep/trunk/framework/web/CWebApplication.php(141): CWebApplication->runController('site/test/testG...')
#3 /home/suley/projects/Sep/trunk/framework/base/CApplication.php(169): CWebApplication->processRequest()
#4 /home/suley/projects/Sep/trunk/jinmi/index.php(13): CApplication->run()
#5 {main}
REQUEST_URI=/jinmi/site/test/testGet
---
2013/09/26 10:10:50 [error] [exception.CHttpException.404] exception 'CHttpException' with message 'The system is unable to find the requested action "test".' in /home/suley/projects/Sep/trunk/framework/web/CController.php:483
Stack trace:
#0 /home/suley/projects/Sep/trunk/framework/web/CController.php(270): CController->missingAction('test')
#1 /home/suley/projects/Sep/trunk/framework/web/CWebApplication.php(282): CController->run('test')
#2 /home/suley/projects/Sep/trunk/framework/web/CWebApplication.php(141): CWebApplication->runController('site/test/TestG...')
#3 /home/suley/projects/Sep/trunk/framework/base/CApplication.php(169): CWebApplication->processRequest()
#4 /home/suley/projects/Sep/trunk/jinmi/index.php(13): CApplication->run()
#5 {main}
REQUEST_URI=/jinmi/site/test/TestGet
---
2013/09/26 10:11:08 [error] [exception.CHttpException.404] exception 'CHttpException' with message 'The system is unable to find the requested action "testget&test=23985392".' in /home/suley/projects/Sep/trunk/framework/web/CController.php:483
Stack trace:
#0 /home/suley/projects/Sep/trunk/framework/web/CController.php(270): CController->missingAction('testget&test=23...')
#1 /home/suley/projects/Sep/trunk/framework/web/CWebApplication.php(282): CController->run('testget&test=23...')
#2 /home/suley/projects/Sep/trunk/framework/web/CWebApplication.php(141): CWebApplication->runController('test/testget&te...')
#3 /home/suley/projects/Sep/trunk/framework/base/CApplication.php(169): CWebApplication->processRequest()
#4 /home/suley/projects/Sep/trunk/jinmi/index.php(13): CApplication->run()
#5 {main}
REQUEST_URI=/jinmi/test/testget&test=23985392
---
2013/09/26 12:52:12 [error] [exception.CException] exception 'CException' with message 'TestController cannot find the requested view "testtheme".' in /home/suley/projects/Sep/trunk/framework/web/CController.php:877
Stack trace:
#0 /home/suley/projects/Sep/trunk/framework/web/CController.php(781): CController->renderPartial('testtheme', NULL, true)
#1 /home/suley/projects/Sep/trunk/jinmi/protected/controllers/TestController.php(8): CController->render('testtheme')
#2 /home/suley/projects/Sep/trunk/framework/web/actions/CInlineAction.php(49): TestController->actionThemeTest()
#3 /home/suley/projects/Sep/trunk/framework/web/CController.php(308): CInlineAction->runWithParams(Array)
#4 /home/suley/projects/Sep/trunk/framework/web/CController.php(286): CController->runAction(Object(CInlineAction))
#5 /home/suley/projects/Sep/trunk/framework/web/CController.php(265): CController->runActionWithFilters(Object(CInlineAction), Array)
#6 /home/suley/projects/Sep/trunk/framework/web/CWebApplication.php(282): CController->run('themetest')
#7 /home/suley/projects/Sep/trunk/framework/web/CWebApplication.php(141): CWebApplication->runController('test/themetest')
#8 /home/suley/projects/Sep/trunk/framework/base/CApplication.php(169): CWebApplication->processRequest()
#9 /home/suley/projects/Sep/trunk/jinmi/index.php(13): CApplication->run()
#10 {main}
REQUEST_URI=/jinmi/test/themetest
---
2013/10/04 09:58:21 [error] [exception.CException] exception 'CException' with message 'CAssetManager.basePath "/Users/suley/Code/Durian/trunk/jinmi/assets" is invalid. Please make sure the directory exists and is writable by the Web server process.' in /Users/suley/Code/Durian/trunk/framework/web/CAssetManager.php:138
Stack trace:
#0 /Users/suley/Code/Durian/trunk/framework/web/CAssetManager.php(123): CAssetManager->setBasePath('/Users/suley/Co...')
#1 /Users/suley/Code/Durian/trunk/framework/web/CAssetManager.php(217): CAssetManager->getBasePath()
#2 /Users/suley/Code/Durian/trunk/framework/web/CClientScript.php(462): CAssetManager->publish('/Users/suley/Co...')
#3 /Users/suley/Code/Durian/trunk/framework/web/CClientScript.php(499): CClientScript->getCoreScriptUrl()
#4 /Users/suley/Code/Durian/trunk/framework/web/CClientScript.php(315): CClientScript->getPackageBaseUrl('jquery')
#5 /Users/suley/Code/Durian/trunk/framework/web/CClientScript.php(208): CClientScript->renderCoreScripts()
#6 /Users/suley/Code/Durian/trunk/framework/web/CController.php(351): CClientScript->render('<!DOCTYPE html ...')
#7 /Users/suley/Code/Durian/trunk/framework/web/CController.php(787): CController->processOutput('<!DOCTYPE html ...')
#8 /Users/suley/Code/Durian/trunk/jinmi/protected/controllers/SiteController.php(72): CController->render('contact', Array)
#9 /Users/suley/Code/Durian/trunk/framework/web/actions/CInlineAction.php(49): SiteController->actionContact()
#10 /Users/suley/Code/Durian/trunk/framework/web/CController.php(308): CInlineAction->runWithParams(Array)
#11 /Users/suley/Code/Durian/trunk/framework/web/CController.php(286): CController->runAction(Object(CInlineAction))
#12 /Users/suley/Code/Durian/trunk/framework/web/CController.php(265): CController->runActionWithFilters(Object(CInlineAction), Array)
#13 /Users/suley/Code/Durian/trunk/framework/web/CWebApplication.php(282): CController->run('contact')
#14 /Users/suley/Code/Durian/trunk/framework/web/CWebApplication.php(141): CWebApplication->runController('site/contact')
#15 /Users/suley/Code/Durian/trunk/framework/base/CApplication.php(169): CWebApplication->processRequest()
#16 /Users/suley/Code/Durian/trunk/jinmi/index.php(13): CApplication->run()
#17 {main}
REQUEST_URI=/jinmi/site/contact
HTTP_REFERER=http://localhost/jinmi/site/page?view=about
---
2013/10/04 09:58:54 [error] [exception.CException] exception 'CException' with message 'CAssetManager.basePath "/Users/suley/Code/Durian/trunk/jinmi/assets" is invalid. Please make sure the directory exists and is writable by the Web server process.' in /Users/suley/Code/Durian/trunk/framework/web/CAssetManager.php:138
Stack trace:
#0 /Users/suley/Code/Durian/trunk/framework/web/CAssetManager.php(123): CAssetManager->setBasePath('/Users/suley/Co...')
#1 /Users/suley/Code/Durian/trunk/framework/web/CAssetManager.php(217): CAssetManager->getBasePath()
#2 /Users/suley/Code/Durian/trunk/framework/web/CClientScript.php(462): CAssetManager->publish('/Users/suley/Co...')
#3 /Users/suley/Code/Durian/trunk/framework/web/CClientScript.php(499): CClientScript->getCoreScriptUrl()
#4 /Users/suley/Code/Durian/trunk/framework/web/CClientScript.php(315): CClientScript->getPackageBaseUrl('jquery')
#5 /Users/suley/Code/Durian/trunk/framework/web/CClientScript.php(208): CClientScript->renderCoreScripts()
#6 /Users/suley/Code/Durian/trunk/framework/web/CController.php(351): CClientScript->render('<!DOCTYPE html ...')
#7 /Users/suley/Code/Durian/trunk/framework/web/CController.php(787): CController->processOutput('<!DOCTYPE html ...')
#8 /Users/suley/Code/Durian/trunk/jinmi/protected/controllers/SiteController.php(72): CController->render('contact', Array)
#9 /Users/suley/Code/Durian/trunk/framework/web/actions/CInlineAction.php(49): SiteController->actionContact()
#10 /Users/suley/Code/Durian/trunk/framework/web/CController.php(308): CInlineAction->runWithParams(Array)
#11 /Users/suley/Code/Durian/trunk/framework/web/CController.php(286): CController->runAction(Object(CInlineAction))
#12 /Users/suley/Code/Durian/trunk/framework/web/CController.php(265): CController->runActionWithFilters(Object(CInlineAction), Array)
#13 /Users/suley/Code/Durian/trunk/framework/web/CWebApplication.php(282): CController->run('contact')
#14 /Users/suley/Code/Durian/trunk/framework/web/CWebApplication.php(141): CWebApplication->runController('site/contact')
#15 /Users/suley/Code/Durian/trunk/framework/base/CApplication.php(169): CWebApplication->processRequest()
#16 /Users/suley/Code/Durian/trunk/jinmi/index.php(13): CApplication->run()
#17 {main}
REQUEST_URI=/jinmi/site/contact
HTTP_REFERER=http://localhost/jinmi/site/page?view=about
---
2013/10/04 09:59:18 [error] [exception.CException] exception 'CException' with message 'CAssetManager.basePath "/Users/suley/Code/Durian/trunk/jinmi/assets" is invalid. Please make sure the directory exists and is writable by the Web server process.' in /Users/suley/Code/Durian/trunk/framework/web/CAssetManager.php:138
Stack trace:
#0 /Users/suley/Code/Durian/trunk/framework/web/CAssetManager.php(123): CAssetManager->setBasePath('/Users/suley/Co...')
#1 /Users/suley/Code/Durian/trunk/framework/web/CAssetManager.php(217): CAssetManager->getBasePath()
#2 /Users/suley/Code/Durian/trunk/framework/web/CClientScript.php(462): CAssetManager->publish('/Users/suley/Co...')
#3 /Users/suley/Code/Durian/trunk/framework/web/CClientScript.php(499): CClientScript->getCoreScriptUrl()
#4 /Users/suley/Code/Durian/trunk/framework/web/CClientScript.php(315): CClientScript->getPackageBaseUrl('jquery')
#5 /Users/suley/Code/Durian/trunk/framework/web/CClientScript.php(208): CClientScript->renderCoreScripts()
#6 /Users/suley/Code/Durian/trunk/framework/web/CController.php(351): CClientScript->render('<!DOCTYPE html ...')
#7 /Users/suley/Code/Durian/trunk/framework/web/CController.php(787): CController->processOutput('<!DOCTYPE html ...')
#8 /Users/suley/Code/Durian/trunk/jinmi/protected/controllers/SiteController.php(72): CController->render('contact', Array)
#9 /Users/suley/Code/Durian/trunk/framework/web/actions/CInlineAction.php(49): SiteController->actionContact()
#10 /Users/suley/Code/Durian/trunk/framework/web/CController.php(308): CInlineAction->runWithParams(Array)
#11 /Users/suley/Code/Durian/trunk/framework/web/CController.php(286): CController->runAction(Object(CInlineAction))
#12 /Users/suley/Code/Durian/trunk/framework/web/CController.php(265): CController->runActionWithFilters(Object(CInlineAction), Array)
#13 /Users/suley/Code/Durian/trunk/framework/web/CWebApplication.php(282): CController->run('contact')
#14 /Users/suley/Code/Durian/trunk/framework/web/CWebApplication.php(141): CWebApplication->runController('site/contact')
#15 /Users/suley/Code/Durian/trunk/framework/base/CApplication.php(169): CWebApplication->processRequest()
#16 /Users/suley/Code/Durian/trunk/jinmi/index.php(13): CApplication->run()
#17 {main}
REQUEST_URI=/jinmi/site/contact
HTTP_REFERER=http://localhost/jinmi/site/page?view=about
---
2013/10/04 09:59:20 [error] [exception.CException] exception 'CException' with message 'CAssetManager.basePath "/Users/suley/Code/Durian/trunk/jinmi/assets" is invalid. Please make sure the directory exists and is writable by the Web server process.' in /Users/suley/Code/Durian/trunk/framework/web/CAssetManager.php:138
Stack trace:
#0 /Users/suley/Code/Durian/trunk/framework/web/CAssetManager.php(123): CAssetManager->setBasePath('/Users/suley/Co...')
#1 /Users/suley/Code/Durian/trunk/framework/web/CAssetManager.php(217): CAssetManager->getBasePath()
#2 /Users/suley/Code/Durian/trunk/framework/web/CClientScript.php(462): CAssetManager->publish('/Users/suley/Co...')
#3 /Users/suley/Code/Durian/trunk/framework/web/CClientScript.php(499): CClientScript->getCoreScriptUrl()
#4 /Users/suley/Code/Durian/trunk/framework/web/CClientScript.php(315): CClientScript->getPackageBaseUrl('jquery')
#5 /Users/suley/Code/Durian/trunk/framework/web/CClientScript.php(208): CClientScript->renderCoreScripts()
#6 /Users/suley/Code/Durian/trunk/framework/web/CController.php(351): CClientScript->render('<!DOCTYPE html ...')
#7 /Users/suley/Code/Durian/trunk/framework/web/CController.php(787): CController->processOutput('<!DOCTYPE html ...')
#8 /Users/suley/Code/Durian/trunk/jinmi/protected/controllers/SiteController.php(72): CController->render('contact', Array)
#9 /Users/suley/Code/Durian/trunk/framework/web/actions/CInlineAction.php(49): SiteController->actionContact()
#10 /Users/suley/Code/Durian/trunk/framework/web/CController.php(308): CInlineAction->runWithParams(Array)
#11 /Users/suley/Code/Durian/trunk/framework/web/CController.php(286): CController->runAction(Object(CInlineAction))
#12 /Users/suley/Code/Durian/trunk/framework/web/CController.php(265): CController->runActionWithFilters(Object(CInlineAction), Array)
#13 /Users/suley/Code/Durian/trunk/framework/web/CWebApplication.php(282): CController->run('contact')
#14 /Users/suley/Code/Durian/trunk/framework/web/CWebApplication.php(141): CWebApplication->runController('site/contact')
#15 /Users/suley/Code/Durian/trunk/framework/base/CApplication.php(169): CWebApplication->processRequest()
#16 /Users/suley/Code/Durian/trunk/jinmi/index.php(13): CApplication->run()
#17 {main}
REQUEST_URI=/jinmi/site/contact
HTTP_REFERER=http://localhost/jinmi/site/page?view=about
---
